{"uuid":"418a796d-8a1f-4c34-ac34-629b0c375d64","historyId":"de6a748c56d758fcddc5e2184d5cc73","fullName":"org.ciq.tests.specialist.SpecialistTests.validatWithTempusVendorE2E","labels":[{"name":"package","value":"org.ciq.tests.specialist.SpecialistTests"},{"name":"testClass","value":"org.ciq.tests.specialist.SpecialistTests"},{"name":"testMethod","value":"validatWithTempusVendorE2E"},{"name":"parentSuite","value":"Default Suite"},{"name":"suite","value":"CIQAutomation"},{"name":"subSuite","value":"org.ciq.tests.specialist.SpecialistTests"},{"name":"host","value":"LAPTOP-M5SGUT72"},{"name":"thread","value":"31572@LAPTOP-M5SGUT72.main(1)"},{"name":"framework","value":"testng"},{"name":"language","value":"java"}],"links":[],"name":"validatWithTempusVendorE2E","status":"failed","statusDetails":{"known":false,"muted":false,"flaky":false,"message":"expected [June 8, 1983] but found [December 26, 1983]","trace":"java.lang.AssertionError: expected [June 8, 1983] but found [December 26, 1983]\r\n\tat org.testng.Assert.fail(Assert.java:111)\r\n\tat org.testng.Assert.failNotEquals(Assert.java:1578)\r\n\tat org.testng.Assert.assertEqualsImpl(Assert.java:150)\r\n\tat org.testng.Assert.assertEquals(Assert.java:132)\r\n\tat org.testng.Assert.assertEquals(Assert.java:656)\r\n\tat org.testng.Assert.assertEquals(Assert.java:666)\r\n\tat org.ciq.pages.SpecialistPendingDashBoardPage.verifyConfirmationPolicyHolderDOBText(SpecialistPendingDashBoardPage.java:873)\r\n\tat org.ciq.tests.specialist.SpecialistTests.validatWithTempusVendorE2E(SpecialistTests.java:477)\r\n\tat java.base/jdk.internal.reflect.DirectMethodHandleAccessor.invoke(DirectMethodHandleAccessor.java:103)\r\n\tat java.base/java.lang.reflect.Method.invoke(Method.java:580)\r\n\tat org.testng.internal.invokers.MethodInvocationHelper.invokeMethod(MethodInvocationHelper.java:139)\r\n\tat org.testng.internal.invokers.TestInvoker.invokeMethod(TestInvoker.java:664)\r\n\tat org.testng.internal.invokers.TestInvoker.invokeTestMethod(TestInvoker.java:227)\r\n\tat org.testng.internal.invokers.MethodRunner.runInSequence(MethodRunner.java:50)\r\n\tat org.testng.internal.invokers.TestInvoker$MethodInvocationAgent.invoke(TestInvoker.java:957)\r\n\tat org.testng.internal.invokers.TestInvoker.invokeTestMethods(TestInvoker.java:200)\r\n\tat org.testng.internal.invokers.TestMethodWorker.invokeTestMethods(TestMethodWorker.java:148)\r\n\tat org.testng.internal.invokers.TestMethodWorker.run(TestMethodWorker.java:128)\r\n\tat java.base/java.util.ArrayList.forEach(ArrayList.java:1596)\r\n\tat org.testng.TestRunner.privateRun(TestRunner.java:848)\r\n\tat org.testng.TestRunner.run(TestRunner.java:621)\r\n\tat org.testng.SuiteRunner.runTest(SuiteRunner.java:443)\r\n\tat org.testng.SuiteRunner.runSequentially(SuiteRunner.java:437)\r\n\tat org.testng.SuiteRunner.privateRun(SuiteRunner.java:397)\r\n\tat org.testng.SuiteRunner.run(SuiteRunner.java:336)\r\n\tat org.testng.SuiteRunnerWorker.runSuite(SuiteRunnerWorker.java:52)\r\n\tat org.testng.SuiteRunnerWorker.run(SuiteRunnerWorker.java:95)\r\n\tat org.testng.TestNG.runSuitesSequentially(TestNG.java:1280)\r\n\tat org.testng.TestNG.runSuitesLocally(TestNG.java:1200)\r\n\tat org.testng.TestNG.runSuites(TestNG.java:1114)\r\n\tat org.testng.TestNG.run(TestNG.java:1082)\r\n\tat com.intellij.rt.testng.IDEARemoteTestNG.run(IDEARemoteTestNG.java:66)\r\n\tat com.intellij.rt.testng.RemoteTestNGStarter.main(RemoteTestNGStarter.java:109)\r\n"},"stage":"finished","steps":[{"name":"launching the browser","status":"passed","stage":"finished","steps":[],"attachments":[],"parameters":[],"start":1701957865726,"stop":1701957867623},{"name":"entering user email","status":"passed","stage":"finished","steps":[],"attachments":[],"parameters":[{"name":"emailText","value":"ciqappemail@gmail.com"}],"start":1701957871524,"stop":1701957873052},{"name":"entering password","status":"passed","stage":"finished","steps":[],"attachments":[],"parameters":[{"name":"passwordText","value":"Welcome@123"}],"start":1701957873052,"stop":1701957873109},{"name":"clicking,submit button","status":"passed","stage":"finished","steps":[],"attachments":[],"parameters":[],"start":1701957873109,"stop":1701957873159},{"name":"clicking create patient button","status":"passed","stage":"finished","steps":[],"attachments":[],"parameters":[],"start":1701957873220,"stop":1701957879453},{"name":"enter patient's first name in survey","status":"passed","stage":"finished","steps":[],"attachments":[],"parameters":[{"name":"fName","value":"Qiana"}],"start":1701957879453,"stop":1701957881001},{"name":"enter patient's last name in survey","status":"passed","stage":"finished","steps":[],"attachments":[],"parameters":[{"name":"lName","value":"Pandora"}],"start":1701957881002,"stop":1701957881096},{"name":"choose patient's sex in survey","status":"passed","stage":"finished","steps":[],"attachments":[],"parameters":[{"name":"gender","value":"Female"}],"start":1701957881096,"stop":1701957881305},{"name":"enter date of birth","status":"passed","stage":"finished","steps":[],"attachments":[],"parameters":[{"name":"dob","value":"06/08/1983"}],"start":1701957881305,"stop":1701957881438},{"name":"choose patient's location in survey","status":"passed","stage":"finished","steps":[],"attachments":[],"parameters":[{"name":"location","value":"Chicago - New User Location"}],"start":1701957881442,"stop":1701957887635},{"name":"enter patient's email in survey","status":"passed","stage":"finished","steps":[],"attachments":[],"parameters":[{"name":"email","value":"QianaPandora@email.com"}],"start":1701957887635,"stop":1701957887772},{"name":"enter patient's confirm email in survey","status":"passed","stage":"finished","steps":[],"attachments":[],"parameters":[{"name":"email","value":"QianaPandora@email.com"}],"start":1701957887772,"stop":1701957887918},{"name":"choose patient's STAT in survey","status":"passed","stage":"finished","steps":[],"attachments":[],"parameters":[{"name":"stat","value":"No"}],"start":1701957887918,"stop":1701957888002},{"name":"enter MRN number in create patient specialist","status":"passed","stage":"finished","steps":[],"attachments":[],"parameters":[{"name":"mrnNumber","value":""}],"start":1701957888002,"stop":1701957888108},{"name":"clicking next button","status":"passed","stage":"finished","steps":[],"attachments":[],"parameters":[],"start":1701957888108,"stop":1701957888206},{"name":"clicking skip & Add patient button","status":"passed","stage":"finished","steps":[],"attachments":[],"parameters":[],"start":1701957888206,"stop":1701957888293},{"name":"click on patient record in pending dashboard","status":"passed","stage":"finished","steps":[],"attachments":[],"parameters":[{"name":"patientName","value":"Qiana"}],"start":1701957888293,"stop":1701957899029},{"name":"click on review patient case","status":"passed","stage":"finished","steps":[],"attachments":[],"parameters":[],"start":1701957899030,"stop":1701957899717},{"name":"navigate to ethica portal for patient verification","status":"passed","stage":"finished","steps":[],"attachments":[],"parameters":[{"name":"url","value":"https://app.staging.canceriq.net/registry"}],"start":1701957899717,"stop":1701957918878},{"name":"click on patient record","status":"passed","stage":"finished","steps":[],"attachments":[],"parameters":[{"name":"firstName","value":"Qiana"},{"name":"lastName","value":"Pandora"}],"start":1701957918878,"stop":1701957918987},{"name":"add family member in screening results of ithaca","status":"passed","stage":"finished","steps":[],"attachments":[],"parameters":[{"name":"field","value":"Family Cancer History"},{"name":"type","value":"Maternal"}],"start":1701957918987,"stop":1701957929238},{"name":"select relationshipdetails in ithaca","status":"passed","stage":"finished","steps":[],"attachments":[],"parameters":[{"name":"relationshipName","value":"Aunt"},{"name":"cancerType","value":"Ovarian"},{"name":"age","value":"45"}],"start":1701957929238,"stop":1701957929739},{"name":"click button in ithaca","status":"passed","stage":"finished","steps":[],"attachments":[],"parameters":[{"name":"buttonName","value":"Submit"}],"start":1701957929739,"stop":1701957939918},{"name":"add family member in screening results of ithaca","status":"passed","stage":"finished","steps":[],"attachments":[],"parameters":[{"name":"field","value":"Family Cancer History"},{"name":"type","value":"Immediate"}],"start":1701957939918,"stop":1701957950192},{"name":"select relationshipdetails in ithaca","status":"passed","stage":"finished","steps":[],"attachments":[],"parameters":[{"name":"relationshipName","value":"Brother"},{"name":"cancerType","value":"Colorectal"},{"name":"age","value":"45"}],"start":1701957950192,"stop":1701957950651},{"name":"click button in ithaca","status":"passed","stage":"finished","steps":[],"attachments":[],"parameters":[{"name":"buttonName","value":"Submit"}],"start":1701957950651,"stop":1701957960777},{"name":"navigate to specialist url portal for testing tab verification","status":"passed","stage":"finished","steps":[],"attachments":[],"parameters":[{"name":"url","value":"https://specialist.staging.canceriq.net/"}],"start":1701957960780,"stop":1701957976336},{"name":"click on patient record in pending dashboard","status":"passed","stage":"finished","steps":[],"attachments":[],"parameters":[{"name":"patientName","value":"Qiana"}],"start":1701957976336,"stop":1701957986939},{"name":"click on review patient case","status":"passed","stage":"finished","steps":[],"attachments":[],"parameters":[],"start":1701957986939,"stop":1701957987589},{"name":"click on Testing tab","status":"passed","stage":"finished","steps":[],"attachments":[],"parameters":[{"name":"tab","value":"Testing"}],"start":1701957987589,"stop":1701957988345},{"name":"validate HBOC and HCC test in testing tab","status":"passed","stage":"finished","steps":[],"attachments":[],"parameters":[{"name":"attributeName","value":"class"},{"name":"attributeValue1","value":"switch ng-valid checked"},{"name":"attributeValue2","value":"fa check-icon fa-check-circle bg-green"}],"start":1701957988345,"stop":1701957994459},{"name":"check eligibilities in primary test selection panel","status":"passed","stage":"finished","steps":[],"attachments":[],"parameters":[{"name":"field","value":"Primary"},{"name":"diagnosis","value":"HBOC"}],"start":1701957994462,"stop":1701957994490},{"name":"check eligibilities in primary test selection panel","status":"passed","stage":"finished","steps":[],"attachments":[],"parameters":[{"name":"field","value":"Secondary"},{"name":"diagnosis","value":"Lynch Syndrome"}],"start":1701957994490,"stop":1701957994517},{"name":"select vendors in testing tab","status":"passed","stage":"finished","steps":[],"attachments":[],"parameters":[{"name":"field","value":"Tempus"}],"start":1701957994517,"stop":1701957994585},{"name":"select test in testing tab","status":"passed","stage":"finished","steps":[],"attachments":[],"parameters":[{"name":"field","value":"xG+ (extended hereditary cancers) - 88 genes"}],"start":1701957994585,"stop":1701957994664},{"name":"select ordering physician in ordering physician/genetic counselor information","status":"passed","stage":"finished","steps":[],"attachments":[],"parameters":[{"name":"field","value":"Self"}],"start":1701957994664,"stop":1701957995478},{"name":"select provide signature in ordering physician/genetic counselor information","status":"passed","stage":"finished","steps":[],"attachments":[],"parameters":[],"start":1701957995478,"stop":1701957995552},{"name":"click button in ordering information popup in testing tab","status":"passed","stage":"finished","steps":[],"attachments":[],"parameters":[{"name":"field","value":"Next"}],"start":1701957995552,"stop":1701957995646},{"name":"enter Patient Mailing Address1 in demographic information","status":"passed","stage":"finished","steps":[],"attachments":[],"parameters":[{"name":"text","value":"TestArea1"}],"start":1701957995646,"stop":1701957995766},{"name":"enter Patient Mailing Address2 in demographic information","status":"passed","stage":"finished","steps":[],"attachments":[],"parameters":[{"name":"text","value":"TestArea2"}],"start":1701957995766,"stop":1701957995866},{"name":"enter patient city in demographic information","status":"passed","stage":"finished","steps":[],"attachments":[],"parameters":[{"name":"text","value":"TestCity"}],"start":1701957995866,"stop":1701957995966},{"name":"enter patient state in demographic information","status":"passed","stage":"finished","steps":[],"attachments":[],"parameters":[{"name":"text","value":"Test State"}],"start":1701957995966,"stop":1701957996053},{"name":"enter patient zip in demographic information","status":"passed","stage":"finished","steps":[],"attachments":[],"parameters":[{"name":"text","value":"TestZip"}],"start":1701957996053,"stop":1701957996147},{"name":"select patient race in demographic information","status":"passed","stage":"finished","steps":[],"attachments":[],"parameters":[{"name":"text","value":"Asian"}],"start":1701957996147,"stop":1701957996268},{"name":"select Patient Ethnicity in demographic information","status":"passed","stage":"finished","steps":[],"attachments":[],"parameters":[{"name":"field","value":"Hispanic or Latino"}],"start":1701957996268,"stop":1701957996344},{"name":"click button in ordering information popup in testing tab","status":"passed","stage":"finished","steps":[],"attachments":[],"parameters":[{"name":"field","value":"Next"}],"start":1701957996345,"stop":1701957996428},{"name":"select bill Type in billing information","status":"passed","stage":"finished","steps":[],"attachments":[],"parameters":[{"name":"field","value":"Insurance"}],"start":1701957996428,"stop":1701957996511},{"name":"select patient Relationship To Policy Holder in billing information","status":"passed","stage":"finished","steps":[],"attachments":[],"parameters":[{"name":"field","value":"Self"}],"start":1701957996511,"stop":1701957996587},{"name":"enter primary Insurance in billing information","status":"passed","stage":"finished","steps":[],"attachments":[],"parameters":[{"name":"text","value":"345345345"}],"start":1701957996587,"stop":1701957996679},{"name":"enter policy Insurance in billing information","status":"passed","stage":"finished","steps":[],"attachments":[],"parameters":[{"name":"text","value":"12"}],"start":1701957996679,"stop":1701957996767},{"name":"enter group in billing information","status":"passed","stage":"finished","steps":[],"attachments":[],"parameters":[{"name":"text","value":"21"}],"start":1701957996767,"stop":1701957996849},{"name":"click button in ordering information popup in testing tab","status":"passed","stage":"finished","steps":[],"attachments":[],"parameters":[{"name":"field","value":"Next"}],"start":1701957996849,"stop":1701957996932},{"name":"select sample type in specimen retrieval","status":"passed","stage":"finished","steps":[],"attachments":[],"parameters":[{"name":"field","value":"Blood"}],"start":1701957996932,"stop":1701957997032},{"name":"choose mobile phlebotomy in specimen retrieval","status":"passed","stage":"finished","steps":[],"attachments":[],"parameters":[{"name":"field","value":"No"}],"start":1701957997032,"stop":1701957997125},{"name":"click button in ordering information popup in testing tab","status":"passed","stage":"finished","steps":[],"attachments":[],"parameters":[{"name":"field","value":"Next"}],"start":1701957997127,"stop":1701957997194},{"name":"select ICD-10 Primary Diagnosis Codes in clinical history","status":"passed","stage":"finished","steps":[],"attachments":[],"parameters":[{"name":"option","value":"Z80.3 Family history of malignant neoplasm of breast"}],"start":1701957997195,"stop":1701957997294},{"name":"click button in ordering information popup in testing tab","status":"passed","stage":"finished","steps":[],"attachments":[],"parameters":[{"name":"field","value":"Next"}],"start":1701957997294,"stop":1701957997388},{"name":"choose Has the patient, or any member of their family, ever had Somatic/Tumor testing in prior personal or family history or genetic testing","status":"passed","stage":"finished","steps":[],"attachments":[],"parameters":[{"name":"field","value":"Yes"}],"start":1701957997389,"stop":1701957997463},{"name":"choose Has the patient, or any member of their family, ever had Germline testing in prior personal or family history or genetic testing","status":"passed","stage":"finished","steps":[],"attachments":[],"parameters":[{"name":"field","value":"Yes"}],"start":1701957997463,"stop":1701957997530},{"name":"click button in ordering information popup in testing tab","status":"passed","stage":"finished","steps":[],"attachments":[],"parameters":[{"name":"field","value":"Next"}],"start":1701957997530,"stop":1701957997608},{"name":"validate text in the ordering physician or genetic counselor signature ","status":"passed","stage":"finished","steps":[],"attachments":[],"parameters":[{"name":"text","value":"I certify that the patient has received an explanation of the purpose, risks, and benefits of the ordered test(s). My signature below certifies medical necessity of the test(s) (including that the test results will inform the treatment plan) and that the patient has provided informed consent that meets the requirements of applicable law for Tempus or its reference lab to: (a) collect and use the patientâ€™s samples (including genetic material) and health information and perform the ordered test(s); (b) obtain, receive, and release health information (including test results) as necessary for reimbursement or the processing of insurance claims; (c) retain and use samples and health information for an indefinite period of time in accordance with applicable law; and (d) de-identify such samples and information and use and share the resulting de-identified samples and information in accordance with applicable law."}],"start":1701957997608,"stop":1701957997658},{"name":"click button in ordering information popup in testing tab","status":"passed","stage":"finished","steps":[],"attachments":[],"parameters":[{"name":"field","value":"Next"}],"start":1701957997658,"stop":1701957997701},{"name":"validate test name text in confirmation","status":"passed","stage":"finished","steps":[],"attachments":[],"parameters":[{"name":"text","value":"xG+ (extended hereditary cancers) - 88 genes"}],"start":1701957997701,"stop":1701957997733},{"name":"validate relationship text in confirmation","status":"passed","stage":"finished","steps":[],"attachments":[],"parameters":[{"name":"text","value":"Self"}],"start":1701957997733,"stop":1701957997744},{"name":"validate address1 text in confirmation","status":"passed","stage":"finished","steps":[],"attachments":[],"parameters":[{"name":"text","value":"TestArea1"}],"start":1701957997744,"stop":1701957997776},{"name":"validate address text in confirmation","status":"passed","stage":"finished","steps":[],"attachments":[],"parameters":[{"name":"text","value":"TestArea2"}],"start":1701957997776,"stop":1701957997792},{"name":"validate city text in confirmation","status":"passed","stage":"finished","steps":[],"attachments":[],"parameters":[{"name":"text","value":"TestCity"}],"start":1701957997792,"stop":1701957997824},{"name":"validate state text in confirmation","status":"passed","stage":"finished","steps":[],"attachments":[],"parameters":[{"name":"text","value":"Test State"}],"start":1701957997824,"stop":1701957997839},{"name":"validate postalcode text in confirmation","status":"passed","stage":"finished","steps":[],"attachments":[],"parameters":[{"name":"text","value":"TestZip"}],"start":1701957997839,"stop":1701957997871},{"name":"validate race text in confirmation","status":"passed","stage":"finished","steps":[],"attachments":[],"parameters":[{"name":"text","value":"Asian"}],"start":1701957997871,"stop":1701957997886},{"name":"validate ethnicity text in confirmation","status":"passed","stage":"finished","steps":[],"attachments":[],"parameters":[{"name":"text","value":"Hispanic or Latino"}],"start":1701957997886,"stop":1701957997918},{"name":"validate How will the test be paid for text in confirmation","status":"passed","stage":"finished","steps":[],"attachments":[],"parameters":[{"name":"text","value":"Insurance"}],"start":1701957997918,"stop":1701957997933},{"name":"validate Policy Holder DOB text in confirmation","status":"failed","statusDetails":{"known":false,"muted":false,"flaky":false,"message":"expected [June 8, 1983] but found [December 26, 1983]","trace":"java.lang.AssertionError: expected [June 8, 1983] but found [December 26, 1983]\r\n\tat org.testng.Assert.fail(Assert.java:111)\r\n\tat org.testng.Assert.failNotEquals(Assert.java:1578)\r\n\tat org.testng.Assert.assertEqualsImpl(Assert.java:150)\r\n\tat org.testng.Assert.assertEquals(Assert.java:132)\r\n\tat org.testng.Assert.assertEquals(Assert.java:656)\r\n\tat org.testng.Assert.assertEquals(Assert.java:666)\r\n\tat org.ciq.pages.SpecialistPendingDashBoardPage.verifyConfirmationPolicyHolderDOBText(SpecialistPendingDashBoardPage.java:873)\r\n\tat org.ciq.tests.specialist.SpecialistTests.validatWithTempusVendorE2E(SpecialistTests.java:477)\r\n\tat java.base/jdk.internal.reflect.DirectMethodHandleAccessor.invoke(DirectMethodHandleAccessor.java:103)\r\n\tat java.base/java.lang.reflect.Method.invoke(Method.java:580)\r\n\tat org.testng.internal.invokers.MethodInvocationHelper.invokeMethod(MethodInvocationHelper.java:139)\r\n\tat org.testng.internal.invokers.TestInvoker.invokeMethod(TestInvoker.java:664)\r\n\tat org.testng.internal.invokers.TestInvoker.invokeTestMethod(TestInvoker.java:227)\r\n\tat org.testng.internal.invokers.MethodRunner.runInSequence(MethodRunner.java:50)\r\n\tat org.testng.internal.invokers.TestInvoker$MethodInvocationAgent.invoke(TestInvoker.java:957)\r\n\tat org.testng.internal.invokers.TestInvoker.invokeTestMethods(TestInvoker.java:200)\r\n\tat org.testng.internal.invokers.TestMethodWorker.invokeTestMethods(TestMethodWorker.java:148)\r\n\tat org.testng.internal.invokers.TestMethodWorker.run(TestMethodWorker.java:128)\r\n\tat java.base/java.util.ArrayList.forEach(ArrayList.java:1596)\r\n\tat org.testng.TestRunner.privateRun(TestRunner.java:848)\r\n\tat org.testng.TestRunner.run(TestRunner.java:621)\r\n\tat org.testng.SuiteRunner.runTest(SuiteRunner.java:443)\r\n\tat org.testng.SuiteRunner.runSequentially(SuiteRunner.java:437)\r\n\tat org.testng.SuiteRunner.privateRun(SuiteRunner.java:397)\r\n\tat org.testng.SuiteRunner.run(SuiteRunner.java:336)\r\n\tat org.testng.SuiteRunnerWorker.runSuite(SuiteRunnerWorker.java:52)\r\n\tat org.testng.SuiteRunnerWorker.run(SuiteRunnerWorker.java:95)\r\n\tat org.testng.TestNG.runSuitesSequentially(TestNG.java:1280)\r\n\tat org.testng.TestNG.runSuitesLocally(TestNG.java:1200)\r\n\tat org.testng.TestNG.runSuites(TestNG.java:1114)\r\n\tat org.testng.TestNG.run(TestNG.java:1082)\r\n\tat com.intellij.rt.testng.IDEARemoteTestNG.run(IDEARemoteTestNG.java:66)\r\n\tat com.intellij.rt.testng.RemoteTestNGStarter.main(RemoteTestNGStarter.java:109)\r\n"},"stage":"finished","steps":[],"attachments":[],"parameters":[{"name":"text","value":"06/08/1983"}],"start":1701957997949,"stop":1701957997981}],"attachments":[],"parameters":[],"start":1701957864737,"stop":1701957997996}